<?xml version="1.0" encoding="UTF-8"?>
<testsuite name="NumeralSystemConverterTest" tests="1" skipped="0" failures="0" errors="0" timestamp="2022-02-07T19:11:16" hostname="EE-00001421" time="5.7">
  <properties/>
  <testcase name="start" classname="NumeralSystemConverterTest" time="5.7"/>
  <system-out><![CDATA[?[1;31m
Start test 1?[0m
Enter two numbers in format: {source base} {target base} (To quit type /exit) > /exit
?[1;31m
Start test 2?[0m
Enter two numbers in format: {source base} {target base} (To quit type /exit) > 10 2
Enter number in base 10 to convert to base 2 (To go back type /back) > 981
Conversion result: 1111010101

?[1;31m
Start test 3?[0m
Enter two numbers in format: {source base} {target base} (To quit type /exit) > 10 2
Enter number in base 10 to convert to base 2 (To go back type /back) > 691
Conversion result: 1010110011

Enter number in base 10 to convert to base 2 (To go back type /back) > /back
Enter two numbers in format: {source base} {target base} (To quit type /exit) > 10 8
Enter number in base 10 to convert to base 8 (To go back type /back) > 472
Conversion result: 730

Enter number in base 10 to convert to base 8 (To go back type /back) > /back
Enter two numbers in format: {source base} {target base} (To quit type /exit) > /exit
?[1;31m
Start test 4?[0m
Enter two numbers in format: {source base} {target base} (To quit type /exit) > 2 2
Enter number in base 2 to convert to base 2 (To go back type /back) > 1010101101011010001110110111100011011101000000001
Conversion result: 1010101101011010001110110111100011011101000000001

Enter number in base 2 to convert to base 2 (To go back type /back) > /back
Enter two numbers in format: {source base} {target base} (To quit type /exit) > 2 5
Enter number in base 2 to convert to base 5 (To go back type /back) > 1010101011101001010010100111001010001100100110000
Conversion result: 343230212012444332221

Enter number in base 2 to convert to base 5 (To go back type /back) > /back
Enter two numbers in format: {source base} {target base} (To quit type /exit) > 2 8
Enter number in base 2 to convert to base 8 (To go back type /back) > 1100010011010110011100010011100010100100011110101
Conversion result: 14232634234244365

Enter number in base 2 to convert to base 8 (To go back type /back) > /back
Enter two numbers in format: {source base} {target base} (To quit type /exit) > 2 11
Enter number in base 2 to convert to base 11 (To go back type /back) > 1010010010101111011011011011100110000110110010100
Conversion result: a5433627355618

Enter number in base 2 to convert to base 11 (To go back type /back) > /back
Enter two numbers in format: {source base} {target base} (To quit type /exit) > 2 14
Enter number in base 2 to convert to base 14 (To go back type /back) > 1010110100110111001010010101100101110010111100110
Conversion result: 6a0bc718a9930

Enter number in base 2 to convert to base 14 (To go back type /back) > /back
Enter two numbers in format: {source base} {target base} (To quit type /exit) > 2 17
Enter number in base 2 to convert to base 17 (To go back type /back) > 1000111100001011111101111110100011100011101110011
Conversion result: 9309cfbf1cc0

Enter number in base 2 to convert to base 17 (To go back type /back) > /back
Enter two numbers in format: {source base} {target base} (To quit type /exit) > 2 20
Enter number in base 2 to convert to base 20 (To go back type /back) > 111110100101000000000010010101111010100111011000
Conversion result: 16haggc7d814

Enter number in base 2 to convert to base 20 (To go back type /back) > /back
Enter two numbers in format: {source base} {target base} (To quit type /exit) > 2 23
Enter number in base 2 to convert to base 23 (To go back type /back) > 1011000011100000001100000011011011001010101111111
Conversion result: 98li1ae35k0

Enter number in base 2 to convert to base 23 (To go back type /back) > /back
Enter two numbers in format: {source base} {target base} (To quit type /exit) > 2 26
Enter number in base 2 to convert to base 26 (To go back type /back) > 1110111110001110101000010110100101010100100
Conversion result: 1dal51gomo

Enter number in base 2 to convert to base 26 (To go back type /back) > /back
Enter two numbers in format: {source base} {target base} (To quit type /exit) > 2 29
Enter number in base 2 to convert to base 29 (To go back type /back) > 1101000010100010110100110110001011111010001111100
Conversion result: 12i40q8ff07

Enter number in base 2 to convert to base 29 (To go back type /back) > /back
Enter two numbers in format: {source base} {target base} (To quit type /exit) > 2 32
Enter number in base 2 to convert to base 32 (To go back type /back) > 11111111110011111101110001001110111010011101011
Conversion result: 3vsvn2et7b

Enter number in base 2 to convert to base 32 (To go back type /back) > /back
Enter two numbers in format: {source base} {target base} (To quit type /exit) > 2 35
Enter number in base 2 to convert to base 35 (To go back type /back) > 100110111000101010011100100110011001101001100111
Conversion result: 25x354e1ay

Enter number in base 2 to convert to base 35 (To go back type /back) > /back
Enter two numbers in format: {source base} {target base} (To quit type /exit) > 5 2
Enter number in base 5 to convert to base 2 (To go back type /back) > 340443110021022112341
Conversion result: 1010011010000010010100000101101101001001110000111

Enter number in base 5 to convert to base 2 (To go back type /back) > /back
Enter two numbers in format: {source base} {target base} (To quit type /exit) > 5 5
Enter number in base 5 to convert to base 5 (To go back type /back) > 242242044012000243134
Conversion result: 242242044012000243134

Enter number in base 5 to convert to base 5 (To go back type /back) > /back
Enter two numbers in format: {source base} {target base} (To quit type /exit) > 5 8
Enter number in base 5 to convert to base 8 (To go back type /back) > 400003403244420210231
Conversion result: 12660641404750057

Enter number in base 5 to convert to base 8 (To go back type /back) > /back
Enter two numbers in format: {source base} {target base} (To quit type /exit) > 5 11
Enter number in base 5 to convert to base 11 (To go back type /back) > 4024120231114324400
Conversion result: 50010a8405412

Enter number in base 5 to convert to base 11 (To go back type /back) > /back
Enter two numbers in format: {source base} {target base} (To quit type /exit) > 5 14
Enter number in base 5 to convert to base 14 (To go back type /back) > 322022411003212322231
Conversion result: 5c09dc20290d4

Enter number in base 5 to convert to base 14 (To go back type /back) > /back
Enter two numbers in format: {source base} {target base} (To quit type /exit) > 5 17
Enter number in base 5 to convert to base 17 (To go back type /back) > 433024212113212202022
Conversion result: d288aa7ec73d

Enter number in base 5 to convert to base 17 (To go back type /back) > /back
Enter two numbers in format: {source base} {target base} (To quit type /exit) > 5 20
Enter number in base 5 to convert to base 20 (To go back type /back) > 40142044043111232144
Conversion result: 7bg9ga1e529

Enter number in base 5 to convert to base 20 (To go back type /back) > /back
Enter two numbers in format: {source base} {target base} (To quit type /exit) > 5 23
Enter number in base 5 to convert to base 23 (To go back type /back) > 1443030400344112242
Conversion result: 44fm58dkgl

Enter number in base 5 to convert to base 23 (To go back type /back) > /back
Enter two numbers in format: {source base} {target base} (To quit type /exit) > 5 26
Enter number in base 5 to convert to base 26 (To go back type /back) > 1004130300420433223321
Conversion result: 3cmah6m5761

Enter number in base 5 to convert to base 26 (To go back type /back) > /back
Enter two numbers in format: {source base} {target base} (To quit type /exit) > 5 29
Enter number in base 5 to convert to base 29 (To go back type /back) > 100212034220033342101
Conversion result: 6k3kbjjekm

Enter number in base 5 to convert to base 29 (To go back type /back) > /back
Enter two numbers in format: {source base} {target base} (To quit type /exit) > 5 32
Enter number in base 5 to convert to base 32 (To go back type /back) > 102200101044004042143
Conversion result: 2v269tll1h

Enter number in base 5 to convert to base 32 (To go back type /back) > /back
Enter two numbers in format: {source base} {target base} (To quit type /exit) > 5 35
Enter number in base 5 to convert to base 35 (To go back type /back) > 430122321322114343210
Conversion result: 5kb99ym5u5

Enter number in base 5 to convert to base 35 (To go back type /back) > /back
Enter two numbers in format: {source base} {target base} (To quit type /exit) > 8 2
Enter number in base 8 to convert to base 2 (To go back type /back) > 14404317343235022
Conversion result: 1100100000100011001111011100011010011101000010010

Enter number in base 8 to convert to base 2 (To go back type /back) > /back
Enter two numbers in format: {source base} {target base} (To quit type /exit) > 8 5
Enter number in base 8 to convert to base 5 (To go back type /back) > 12540513647502767
Conversion result: 343243123222014212024

Enter number in base 8 to convert to base 5 (To go back type /back) > /back
Enter two numbers in format: {source base} {target base} (To quit type /exit) > 8 8
Enter number in base 8 to convert to base 8 (To go back type /back) > 3640437744032001
Conversion result: 3640437744032001

Enter number in base 8 to convert to base 8 (To go back type /back) > /back
Enter two numbers in format: {source base} {target base} (To quit type /exit) > 8 11
Enter number in base 8 to convert to base 11 (To go back type /back) > 7132521763622140
Conversion result: 73508488212936

Enter number in base 8 to convert to base 11 (To go back type /back) > /back
Enter two numbers in format: {source base} {target base} (To quit type /exit) > 8 14
Enter number in base 8 to convert to base 14 (To go back type /back) > 43131350423423
Conversion result: 84dc76b6d23

Enter number in base 8 to convert to base 14 (To go back type /back) > /back
Enter two numbers in format: {source base} {target base} (To quit type /exit) > 8 17
Enter number in base 8 to convert to base 17 (To go back type /back) > 14477315463554100
Conversion result: cg572d7f0982

Enter number in base 8 to convert to base 17 (To go back type /back) > /back
Enter two numbers in format: {source base} {target base} (To quit type /exit) > 8 20
Enter number in base 8 to convert to base 20 (To go back type /back) > 14616637333162412
Conversion result: 23i34a4b90a2

Enter number in base 8 to convert to base 20 (To go back type /back) > /back
Enter two numbers in format: {source base} {target base} (To quit type /exit) > 8 23
Enter number in base 8 to convert to base 23 (To go back type /back) > 4644627051012663
Conversion result: 4249dm88689

Enter number in base 8 to convert to base 23 (To go back type /back) > /back
Enter two numbers in format: {source base} {target base} (To quit type /exit) > 8 26
Enter number in base 8 to convert to base 26 (To go back type /back) > 13146020672263154
Conversion result: 2kenn56nabe

Enter number in base 8 to convert to base 26 (To go back type /back) > /back
Enter two numbers in format: {source base} {target base} (To quit type /exit) > 8 29
Enter number in base 8 to convert to base 29 (To go back type /back) > 7667306650341747
Conversion result: j1k6r1eg12

Enter number in base 8 to convert to base 29 (To go back type /back) > /back
Enter two numbers in format: {source base} {target base} (To quit type /exit) > 8 32
Enter number in base 8 to convert to base 32 (To go back type /back) > 13000471463714611
Conversion result: b0176cv6c9

Enter number in base 8 to convert to base 32 (To go back type /back) > /back
Enter two numbers in format: {source base} {target base} (To quit type /exit) > 8 35
Enter number in base 8 to convert to base 35 (To go back type /back) > 1001035352107456
Conversion result: fmyi2aa4f

Enter number in base 8 to convert to base 35 (To go back type /back) > /back
Enter two numbers in format: {source base} {target base} (To quit type /exit) > 11 2
Enter number in base 11 to convert to base 2 (To go back type /back) > a57799139a2121
Conversion result: 1010010100100000110111101001100010000111001010100

Enter number in base 11 to convert to base 2 (To go back type /back) > /back
Enter two numbers in format: {source base} {target base} (To quit type /exit) > 11 5
Enter number in base 11 to convert to base 5 (To go back type /back) > 2685528188195a
Conversion result: 43313441012424203443

Enter number in base 11 to convert to base 5 (To go back type /back) > /back
Enter two numbers in format: {source base} {target base} (To quit type /exit) > 11 8
Enter number in base 11 to convert to base 8 (To go back type /back) > 8361189a185537
Conversion result: 10125252626765445

Enter number in base 11 to convert to base 8 (To go back type /back) > /back
Enter two numbers in format: {source base} {target base} (To quit type /exit) > 11 11
Enter number in base 11 to convert to base 11 (To go back type /back) > 4323771963a9a4
Conversion result: 4323771963a9a4

Enter number in base 11 to convert to base 11 (To go back type /back) > /back
Enter two numbers in format: {source base} {target base} (To quit type /exit) > 11 14
Enter number in base 11 to convert to base 14 (To go back type /back) > 126157593301620
Conversion result: 83822292b8989

Enter number in base 11 to convert to base 14 (To go back type /back) > /back
Enter two numbers in format: {source base} {target base} (To quit type /exit) > 11 17
Enter number in base 11 to convert to base 17 (To go back type /back) > 6aa89496257730
Conversion result: 70e5c5729e2d

Enter number in base 11 to convert to base 17 (To go back type /back) > /back
Enter two numbers in format: {source base} {target base} (To quit type /exit) > 11 20
Enter number in base 11 to convert to base 20 (To go back type /back) > 7739a455066752
Conversion result: 15h19c377bbg

Enter number in base 11 to convert to base 20 (To go back type /back) > /back
Enter two numbers in format: {source base} {target base} (To quit type /exit) > 11 23
Enter number in base 11 to convert to base 23 (To go back type /back) > 76349a66487571
Conversion result: 673kh7mi5ai

Enter number in base 11 to convert to base 23 (To go back type /back) > /back
Enter two numbers in format: {source base} {target base} (To quit type /exit) > 11 26
Enter number in base 11 to convert to base 26 (To go back type /back) > 93992770572320
Conversion result: 27ca11k7m5n

Enter number in base 11 to convert to base 26 (To go back type /back) > /back
Enter two numbers in format: {source base} {target base} (To quit type /exit) > 11 29
Enter number in base 11 to convert to base 29 (To go back type /back) > 11570376a743679
Conversion result: 10merhp9i47

Enter number in base 11 to convert to base 29 (To go back type /back) > /back
Enter two numbers in format: {source base} {target base} (To quit type /exit) > 11 32
Enter number in base 11 to convert to base 32 (To go back type /back) > a0588a92172404
Conversion result: 9rfjc2qv64

Enter number in base 11 to convert to base 32 (To go back type /back) > /back
Enter two numbers in format: {source base} {target base} (To quit type /exit) > 11 35
Enter number in base 11 to convert to base 35 (To go back type /back) > 1347903407a5a2
Conversion result: k3s1sxmbp

Enter number in base 11 to convert to base 35 (To go back type /back) > /back
Enter two numbers in format: {source base} {target base} (To quit type /exit) > 14 2
Enter number in base 14 to convert to base 2 (To go back type /back) > 4456511b3c1c2
Conversion result: 110111100110101100011110000101101111011010011110

Enter number in base 14 to convert to base 2 (To go back type /back) > /back
Enter two numbers in format: {source base} {target base} (To quit type /exit) > 14 5
Enter number in base 14 to convert to base 5 (To go back type /back) > 7123383cd2c60
Conversion result: 410113020010041101233

Enter number in base 14 to convert to base 5 (To go back type /back) > /back
Enter two numbers in format: {source base} {target base} (To quit type /exit) > 14 8
Enter number in base 14 to convert to base 8 (To go back type /back) > 44649288bdb34
Conversion result: 6752310116277642

Enter number in base 14 to convert to base 8 (To go back type /back) > /back
Enter two numbers in format: {source base} {target base} (To quit type /exit) > 14 11
Enter number in base 14 to convert to base 11 (To go back type /back) > 35ba0b3922812
Conversion result: 567a7920599728

Enter number in base 14 to convert to base 11 (To go back type /back) > /back
Enter two numbers in format: {source base} {target base} (To quit type /exit) > 14 14
Enter number in base 14 to convert to base 14 (To go back type /back) > 39bd2c57c4179
Conversion result: 39bd2c57c4179

Enter number in base 14 to convert to base 14 (To go back type /back) > /back
Enter two numbers in format: {source base} {target base} (To quit type /exit) > 14 17
Enter number in base 14 to convert to base 17 (To go back type /back) > b78c368a45a0
Conversion result: 1634481dg58b

Enter number in base 14 to convert to base 17 (To go back type /back) > /back
Enter two numbers in format: {source base} {target base} (To quit type /exit) > 14 20
Enter number in base 14 to convert to base 20 (To go back type /back) > 2898897b26cc6
Conversion result: ea36jdfg3j2

Enter number in base 14 to convert to base 20 (To go back type /back) > /back
Enter two numbers in format: {source base} {target base} (To quit type /exit) > 14 23
Enter number in base 14 to convert to base 23 (To go back type /back) > 40c316923132b
Conversion result: 5cjmb582b31

Enter number in base 14 to convert to base 23 (To go back type /back) > /back
Enter two numbers in format: {source base} {target base} (To quit type /exit) > 14 26
Enter number in base 14 to convert to base 26 (To go back type /back) > 2ad7b11a27ca7
Conversion result: 131hc73ilkf

Enter number in base 14 to convert to base 26 (To go back type /back) > /back
Enter two numbers in format: {source base} {target base} (To quit type /exit) > 14 29
Enter number in base 14 to convert to base 29 (To go back type /back) > 142d30183d0a4
Conversion result: 52c0o2h5i3

Enter number in base 14 to convert to base 29 (To go back type /back) > /back
Enter two numbers in format: {source base} {target base} (To quit type /exit) > 14 32
Enter number in base 14 to convert to base 32 (To go back type /back) > 5c55db217c96
Conversion result: llibnteuc

Enter number in base 14 to convert to base 32 (To go back type /back) > /back
Enter two numbers in format: {source base} {target base} (To quit type /exit) > 14 35
Enter number in base 14 to convert to base 35 (To go back type /back) > 5155da8d16ad7
Conversion result: 3nd6sy3e2l

Enter number in base 14 to convert to base 35 (To go back type /back) > /back
Enter two numbers in format: {source base} {target base} (To quit type /exit) > 17 2
Enter number in base 17 to convert to base 2 (To go back type /back) > bb17778be066
Conversion result: 1011010110011000111110011110001100110110011001001

Enter number in base 17 to convert to base 2 (To go back type /back) > /back
Enter two numbers in format: {source base} {target base} (To quit type /exit) > 17 5
Enter number in base 17 to convert to base 5 (To go back type /back) > 213eg7f77b8
Conversion result: 1021421304122330132

Enter number in base 17 to convert to base 5 (To go back type /back) > /back
Enter two numbers in format: {source base} {target base} (To quit type /exit) > 17 8
Enter number in base 17 to convert to base 8 (To go back type /back) > e87age6e16c4
Conversion result: 16075774024252120

Enter number in base 17 to convert to base 8 (To go back type /back) > /back
Enter two numbers in format: {source base} {target base} (To quit type /exit) > 17 11
Enter number in base 17 to convert to base 11 (To go back type /back) > 8720d2b3ce8a
Conversion result: 83a308399959aa

Enter number in base 17 to convert to base 11 (To go back type /back) > /back
Enter two numbers in format: {source base} {target base} (To quit type /exit) > 17 14
Enter number in base 17 to convert to base 14 (To go back type /back) > b40273b3f4g6
Conversion result: 6b1380184604a

Enter number in base 17 to convert to base 14 (To go back type /back) > /back
Enter two numbers in format: {source base} {target base} (To quit type /exit) > 17 17
Enter number in base 17 to convert to base 17 (To go back type /back) > a7030cfbfceg
Conversion result: a7030cfbfceg

Enter number in base 17 to convert to base 17 (To go back type /back) > /back
Enter two numbers in format: {source base} {target base} (To quit type /exit) > 17 20
Enter number in base 17 to convert to base 20 (To go back type /back) > cb947bf59460
Conversion result: 228e215d9j3h

Enter number in base 17 to convert to base 20 (To go back type /back) > /back
Enter two numbers in format: {source base} {target base} (To quit type /exit) > 17 23
Enter number in base 17 to convert to base 23 (To go back type /back) > 5455f9af0416
Conversion result: 47m61k7k376

Enter number in base 17 to convert to base 23 (To go back type /back) > /back
Enter two numbers in format: {source base} {target base} (To quit type /exit) > 17 26
Enter number in base 17 to convert to base 26 (To go back type /back) > 359684024336
Conversion result: kpof30g805

Enter number in base 17 to convert to base 26 (To go back type /back) > /back
Enter two numbers in format: {source base} {target base} (To quit type /exit) > 17 29
Enter number in base 17 to convert to base 29 (To go back type /back) > bag623110ab1
Conversion result: remp9e2cn8

Enter number in base 17 to convert to base 29 (To go back type /back) > /back
Enter two numbers in format: {source base} {target base} (To quit type /exit) > 17 32
Enter number in base 17 to convert to base 32 (To go back type /back) > ba490d94g4bc
Conversion result: b9m81m81en

Enter number in base 17 to convert to base 32 (To go back type /back) > /back
Enter two numbers in format: {source base} {target base} (To quit type /exit) > 17 35
Enter number in base 17 to convert to base 35 (To go back type /back) > 55654b0428g7
Conversion result: 2avnhrvguo

Enter number in base 17 to convert to base 35 (To go back type /back) > /back
Enter two numbers in format: {source base} {target base} (To quit type /exit) > /exit
?[1;31m
Start test 5?[0m
Enter two numbers in format: {source base} {target base} (To quit type /exit) > 19 2
Enter number in base 19 to convert to base 2 (To go back type /back) > 17g6547fhd1c
Conversion result: 100101011100010111101100001110000001110111101110

Enter number in base 19 to convert to base 2 (To go back type /back) > /back
Enter two numbers in format: {source base} {target base} (To quit type /exit) > 19 5
Enter number in base 19 to convert to base 5 (To go back type /back) > e6bhg42bf14
Conversion result: 43012330401414221143

Enter number in base 19 to convert to base 5 (To go back type /back) > /back
Enter two numbers in format: {source base} {target base} (To quit type /exit) > 19 8
Enter number in base 19 to convert to base 8 (To go back type /back) > d920d3ia287
Conversion result: 2262467511612501

Enter number in base 19 to convert to base 8 (To go back type /back) > /back
Enter two numbers in format: {source base} {target base} (To quit type /exit) > 19 11
Enter number in base 19 to convert to base 11 (To go back type /back) > 1d24bc304239
Conversion result: 57820425a30569

Enter number in base 19 to convert to base 11 (To go back type /back) > /back
Enter two numbers in format: {source base} {target base} (To quit type /exit) > 19 14
Enter number in base 19 to convert to base 14 (To go back type /back) > 1e48c7i23ac8
Conversion result: 384626a6c4cd9

Enter number in base 19 to convert to base 14 (To go back type /back) > /back
Enter two numbers in format: {source base} {target base} (To quit type /exit) > 19 17
Enter number in base 19 to convert to base 17 (To go back type /back) > g395378c0h2
Conversion result: 2f3bfa6e2831

Enter number in base 19 to convert to base 17 (To go back type /back) > /back
Enter two numbers in format: {source base} {target base} (To quit type /exit) > 19 20
Enter number in base 19 to convert to base 20 (To go back type /back) > 34acf0ib151b
Conversion result: 1gh3e7273abf

Enter number in base 19 to convert to base 20 (To go back type /back) > /back
Enter two numbers in format: {source base} {target base} (To quit type /exit) > 19 23
Enter number in base 19 to convert to base 23 (To go back type /back) > 3h6ibg8a932i
Conversion result: b03769d2f23

Enter number in base 19 to convert to base 23 (To go back type /back) > /back
Enter two numbers in format: {source base} {target base} (To quit type /exit) > 19 26
Enter number in base 19 to convert to base 26 (To go back type /back) > 20b25eh2gaii
Conversion result: 1hem0nlfgp3

Enter number in base 19 to convert to base 26 (To go back type /back) > /back
Enter two numbers in format: {source base} {target base} (To quit type /exit) > 19 29
Enter number in base 19 to convert to base 29 (To go back type /back) > 19g37a02222g
Conversion result: c5hh9c663b

Enter number in base 19 to convert to base 29 (To go back type /back) > /back
Enter two numbers in format: {source base} {target base} (To quit type /exit) > 19 32
Enter number in base 19 to convert to base 32 (To go back type /back) > 3h2dbh8a7043
Conversion result: ctdsk3djct

Enter number in base 19 to convert to base 32 (To go back type /back) > /back
Enter two numbers in format: {source base} {target base} (To quit type /exit) > 19 35
Enter number in base 19 to convert to base 35 (To go back type /back) > 28ega85b41ba
Conversion result: 3md1p36id8

Enter number in base 19 to convert to base 35 (To go back type /back) > /back
Enter two numbers in format: {source base} {target base} (To quit type /exit) > 22 2
Enter number in base 22 to convert to base 2 (To go back type /back) > 2c156jb0aej
Conversion result: 1111011000110011011100100010000101101111111111

Enter number in base 22 to convert to base 2 (To go back type /back) > /back
Enter two numbers in format: {source base} {target base} (To quit type /exit) > 22 5
Enter number in base 22 to convert to base 5 (To go back type /back) > 56c142j8ii6
Conversion result: 121420301212313214414

Enter number in base 22 to convert to base 5 (To go back type /back) > /back
Enter two numbers in format: {source base} {target base} (To quit type /exit) > 22 8
Enter number in base 22 to convert to base 8 (To go back type /back) > 65igl6fg5
Conversion result: 5001727741641

Enter number in base 22 to convert to base 8 (To go back type /back) > /back
Enter two numbers in format: {source base} {target base} (To quit type /exit) > 22 11
Enter number in base 22 to convert to base 11 (To go back type /back) > 68l54ic3d69
Conversion result: 4a253281a76919

Enter number in base 22 to convert to base 11 (To go back type /back) > /back
Enter two numbers in format: {source base} {target base} (To quit type /exit) > 22 14
Enter number in base 22 to convert to base 14 (To go back type /back) > daeeibg6f64
Conversion result: 6462c661b4948

Enter number in base 22 to convert to base 14 (To go back type /back) > /back
Enter two numbers in format: {source base} {target base} (To quit type /exit) > 22 17
Enter number in base 22 to convert to base 17 (To go back type /back) > 54bdek00a7h
Conversion result: 409fgf1d3986

Enter number in base 22 to convert to base 17 (To go back type /back) > /back
Enter two numbers in format: {source base} {target base} (To quit type /exit) > 22 20
Enter number in base 22 to convert to base 20 (To go back type /back) > e52f0dicklf
Conversion result: 1gi6a1c7ea25

Enter number in base 22 to convert to base 20 (To go back type /back) > /back
Enter two numbers in format: {source base} {target base} (To quit type /exit) > 22 23
Enter number in base 22 to convert to base 23 (To go back type /back) > dc687l59l58
Conversion result: 8flcae563j5

Enter number in base 22 to convert to base 23 (To go back type /back) > /back
Enter two numbers in format: {source base} {target base} (To quit type /exit) > 22 26
Enter number in base 22 to convert to base 26 (To go back type /back) > gehaf27ahjd
Conversion result: 33ed7ai117h

Enter number in base 22 to convert to base 26 (To go back type /back) > /back
Enter two numbers in format: {source base} {target base} (To quit type /exit) > 22 29
Enter number in base 22 to convert to base 29 (To go back type /back) > 9lj21908088
Conversion result: i8hql8bs83

Enter number in base 22 to convert to base 29 (To go back type /back) > /back
Enter two numbers in format: {source base} {target base} (To quit type /exit) > 22 32
Enter number in base 22 to convert to base 32 (To go back type /back) > 5gi70cijl13
Conversion result: 4b8d7p13hl

Enter number in base 22 to convert to base 32 (To go back type /back) > /back
Enter two numbers in format: {source base} {target base} (To quit type /exit) > 22 35
Enter number in base 22 to convert to base 35 (To go back type /back) > f0k3ae977f0
Conversion result: 52ec5mxobu

Enter number in base 22 to convert to base 35 (To go back type /back) > /back
Enter two numbers in format: {source base} {target base} (To quit type /exit) > 25 2
Enter number in base 25 to convert to base 2 (To go back type /back) > 35n466ae4c9
Conversion result: 1000110001100010101110000000011101111000111001000

Enter number in base 25 to convert to base 2 (To go back type /back) > /back
Enter two numbers in format: {source base} {target base} (To quit type /exit) > 25 5
Enter number in base 25 to convert to base 5 (To go back type /back) > 36lfh0mc8b
Conversion result: 3114130320042221321

Enter number in base 25 to convert to base 5 (To go back type /back) > /back
Enter two numbers in format: {source base} {target base} (To quit type /exit) > 25 8
Enter number in base 25 to convert to base 8 (To go back type /back) > 4leg104kni5
Conversion result: 15135270332561446

Enter number in base 25 to convert to base 8 (To go back type /back) > /back
Enter two numbers in format: {source base} {target base} (To quit type /exit) > 25 11
Enter number in base 25 to convert to base 11 (To go back type /back) > 4aj5bc17ll5
Conversion result: 1127011179a1018

Enter number in base 25 to convert to base 11 (To go back type /back) > /back
Enter two numbers in format: {source base} {target base} (To quit type /exit) > 25 14
Enter number in base 25 to convert to base 14 (To go back type /back) > 5accade2hm
Conversion result: 5169c61d0b2d

Enter number in base 25 to convert to base 14 (To go back type /back) > /back
Enter two numbers in format: {source base} {target base} (To quit type /exit) > 25 17
Enter number in base 25 to convert to base 17 (To go back type /back) > 38lfacn833b
Conversion result: 95bc7a97fef3

Enter number in base 25 to convert to base 17 (To go back type /back) > /back
Enter two numbers in format: {source base} {target base} (To quit type /exit) > 25 20
Enter number in base 25 to convert to base 20 (To go back type /back) > 12h968b862m
Conversion result: a66gj10i8ic

Enter number in base 25 to convert to base 20 (To go back type /back) > /back
Enter two numbers in format: {source base} {target base} (To quit type /exit) > 25 23
Enter number in base 25 to convert to base 23 (To go back type /back) > 4en94c1he6e
Conversion result: ad9gb58g2bj

Enter number in base 25 to convert to base 23 (To go back type /back) > /back
Enter two numbers in format: {source base} {target base} (To quit type /exit) > 25 26
Enter number in base 25 to convert to base 26 (To go back type /back) > 12187nk0cha
Conversion result: j04o62fng1

Enter number in base 25 to convert to base 26 (To go back type /back) > /back
Enter two numbers in format: {source base} {target base} (To quit type /exit) > 25 29
Enter number in base 25 to convert to base 29 (To go back type /back) > 553e3ha65ke
Conversion result: 156c5goh6km

Enter number in base 25 to convert to base 29 (To go back type /back) > /back
Enter two numbers in format: {source base} {target base} (To quit type /exit) > 25 32
Enter number in base 25 to convert to base 32 (To go back type /back) > 38k03c76gfm
Conversion result: 92nm6cvno8

Enter number in base 25 to convert to base 32 (To go back type /back) > /back
Enter two numbers in format: {source base} {target base} (To quit type /exit) > 25 35
Enter number in base 25 to convert to base 35 (To go back type /back) > 4gdda55bmgh
Conversion result: 5mera1y79r

Enter number in base 25 to convert to base 35 (To go back type /back) > /back
Enter two numbers in format: {source base} {target base} (To quit type /exit) > 28 2
Enter number in base 28 to convert to base 2 (To go back type /back) > o10j3dbbke
Conversion result: 111001110100000111010110101011101100010000101110

Enter number in base 28 to convert to base 2 (To go back type /back) > /back
Enter two numbers in format: {source base} {target base} (To quit type /exit) > 28 5
Enter number in base 28 to convert to base 5 (To go back type /back) > gp0aahln4a
Conversion result: 141410402022332213241

Enter number in base 28 to convert to base 5 (To go back type /back) > /back
Enter two numbers in format: {source base} {target base} (To quit type /exit) > 28 8
Enter number in base 28 to convert to base 8 (To go back type /back) > 775qrq6ekm
Conversion result: 2135154754756646

Enter number in base 28 to convert to base 8 (To go back type /back) > /back
Enter two numbers in format: {source base} {target base} (To quit type /exit) > 28 11
Enter number in base 28 to convert to base 11 (To go back type /back) > 1b4ldqgh2cq
Conversion result: 1100345a4242598

Enter number in base 28 to convert to base 11 (To go back type /back) > /back
Enter two numbers in format: {source base} {target base} (To quit type /exit) > 28 14
Enter number in base 28 to convert to base 14 (To go back type /back) > 46kp1650ca
Conversion result: b11506b0c1aa

Enter number in base 28 to convert to base 14 (To go back type /back) > /back
Enter two numbers in format: {source base} {target base} (To quit type /exit) > 28 17
Enter number in base 28 to convert to base 17 (To go back type /back) > kk1jpk1n3p
Conversion result: 66bgbd21535e

Enter number in base 28 to convert to base 17 (To go back type /back) > /back
Enter two numbers in format: {source base} {target base} (To quit type /exit) > 28 20
Enter number in base 28 to convert to base 20 (To go back type /back) > 19jn5i1a702
Conversion result: 1ij1g16f9f36

Enter number in base 28 to convert to base 20 (To go back type /back) > /back
Enter two numbers in format: {source base} {target base} (To quit type /exit) > 28 23
Enter number in base 28 to convert to base 23 (To go back type /back) > 16bnjkrhn5q
Conversion result: 8i3m39080c5

Enter number in base 28 to convert to base 23 (To go back type /back) > /back
Enter two numbers in format: {source base} {target base} (To quit type /exit) > 28 26
Enter number in base 28 to convert to base 26 (To go back type /back) > loibgoo4m1
Conversion result: 1gga8971dpj

Enter number in base 28 to convert to base 26 (To go back type /back) > /back
Enter two numbers in format: {source base} {target base} (To quit type /exit) > 28 29
Enter number in base 28 to convert to base 29 (To go back type /back) > okm3kd6jno
Conversion result: i168o1k7ad

Enter number in base 28 to convert to base 29 (To go back type /back) > /back
Enter two numbers in format: {source base} {target base} (To quit type /exit) > 28 32
Enter number in base 28 to convert to base 32 (To go back type /back) > kaqbjd0doi
Conversion result: 645pjulms2

Enter number in base 28 to convert to base 32 (To go back type /back) > /back
Enter two numbers in format: {source base} {target base} (To quit type /exit) > 28 35
Enter number in base 28 to convert to base 35 (To go back type /back) > 72604eq0qe
Conversion result: x8w7oj9a0

Enter number in base 28 to convert to base 35 (To go back type /back) > /back
Enter two numbers in format: {source base} {target base} (To quit type /exit) > 31 2
Enter number in base 31 to convert to base 2 (To go back type /back) > guq5lgja7i
Conversion result: 1100110001010110001011110101110011101000110010110

Enter number in base 31 to convert to base 2 (To go back type /back) > /back
Enter two numbers in format: {source base} {target base} (To quit type /exit) > 31 5
Enter number in base 31 to convert to base 5 (To go back type /back) > bu3gmefni9
Conversion result: 312441330332221010431

Enter number in base 31 to convert to base 5 (To go back type /back) > /back
Enter two numbers in format: {source base} {target base} (To quit type /exit) > 31 8
Enter number in base 31 to convert to base 8 (To go back type /back) > d757kdil3c
Conversion result: 11742542212761241

Enter number in base 31 to convert to base 8 (To go back type /back) > /back
Enter two numbers in format: {source base} {target base} (To quit type /exit) > 31 11
Enter number in base 31 to convert to base 11 (To go back type /back) > hlobeq9rao
Conversion result: 126155a0a59450a

Enter number in base 31 to convert to base 11 (To go back type /back) > /back
Enter two numbers in format: {source base} {target base} (To quit type /exit) > 31 14
Enter number in base 31 to convert to base 14 (To go back type /back) > 8te15srt3r
Conversion result: 4261419b63813

Enter number in base 31 to convert to base 14 (To go back type /back) > /back
Enter two numbers in format: {source base} {target base} (To quit type /exit) > 31 17
Enter number in base 31 to convert to base 17 (To go back type /back) > 5oc6bhrf40
Conversion result: 47f39d62b922

Enter number in base 31 to convert to base 17 (To go back type /back) > /back
Enter two numbers in format: {source base} {target base} (To quit type /exit) > 31 20
Enter number in base 31 to convert to base 20 (To go back type /back) > 2r6b64f8s
Conversion result: 4fh7ige407

Enter number in base 31 to convert to base 20 (To go back type /back) > /back
Enter two numbers in format: {source base} {target base} (To quit type /exit) > 31 23
Enter number in base 31 to convert to base 23 (To go back type /back) > 6ot4b0cj00
Conversion result: 47k88e9mcid

Enter number in base 31 to convert to base 23 (To go back type /back) > /back
Enter two numbers in format: {source base} {target base} (To quit type /exit) > 31 26
Enter number in base 31 to convert to base 26 (To go back type /back) > hf26j2uror
Conversion result: 373o2dl1f4l

Enter number in base 31 to convert to base 26 (To go back type /back) > /back
Enter two numbers in format: {source base} {target base} (To quit type /exit) > 31 29
Enter number in base 31 to convert to base 29 (To go back type /back) > a8oac6i6bc
Conversion result: ilemnqmg1k

Enter number in base 31 to convert to base 29 (To go back type /back) > /back
Enter two numbers in format: {source base} {target base} (To quit type /exit) > 31 32
Enter number in base 31 to convert to base 32 (To go back type /back) > huosalp1ra
Conversion result: dgm0on7vaj

Enter number in base 31 to convert to base 32 (To go back type /back) > /back
Enter two numbers in format: {source base} {target base} (To quit type /exit) > 31 35
Enter number in base 31 to convert to base 35 (To go back type /back) > if36os8p0l
Conversion result: 67255w562s

Enter number in base 31 to convert to base 35 (To go back type /back) > /back
Enter two numbers in format: {source base} {target base} (To quit type /exit) > 34 2
Enter number in base 34 to convert to base 2 (To go back type /back) > 6xvn1trht5
Conversion result: 1100000100111000100001010011101010101010000101011

Enter number in base 34 to convert to base 2 (To go back type /back) > /back
Enter two numbers in format: {source base} {target base} (To quit type /exit) > 34 5
Enter number in base 34 to convert to base 5 (To go back type /back) > 5xonn5vn5t
Conversion result: 340141204122433244210

Enter number in base 34 to convert to base 5 (To go back type /back) > /back
Enter two numbers in format: {source base} {target base} (To quit type /exit) > 34 8
Enter number in base 34 to convert to base 8 (To go back type /back) > 30wtqm6smu
Conversion result: 5163613710030212

Enter number in base 34 to convert to base 8 (To go back type /back) > /back
Enter two numbers in format: {source base} {target base} (To quit type /exit) > 34 11
Enter number in base 34 to convert to base 11 (To go back type /back) > 7mtcor4hpr
Conversion result: 125485618879737

Enter number in base 34 to convert to base 11 (To go back type /back) > /back
Enter two numbers in format: {source base} {target base} (To quit type /exit) > 34 14
Enter number in base 34 to convert to base 14 (To go back type /back) > 2oxqq1kipb
Conversion result: 2d01a08d19229

Enter number in base 34 to convert to base 14 (To go back type /back) > /back
Enter two numbers in format: {source base} {target base} (To quit type /exit) > 34 17
Enter number in base 34 to convert to base 17 (To go back type /back) > 81aas4si38
Conversion result: e41abcg97468

Enter number in base 34 to convert to base 17 (To go back type /back) > /back
Enter two numbers in format: {source base} {target base} (To quit type /exit) > 34 20
Enter number in base 34 to convert to base 20 (To go back type /back) > jw7lww4a2
Conversion result: 39ba3fjjeee

Enter number in base 34 to convert to base 20 (To go back type /back) > /back
Enter two numbers in format: {source base} {target base} (To quit type /exit) > 34 23
Enter number in base 34 to convert to base 23 (To go back type /back) > 4lr550kxn5
Conversion result: 6ia9ed352h2

Enter number in base 34 to convert to base 23 (To go back type /back) > /back
Enter two numbers in format: {source base} {target base} (To quit type /exit) > 34 26
Enter number in base 34 to convert to base 26 (To go back type /back) > enjjnlnep
Conversion result: 4lgo7j021n

Enter number in base 34 to convert to base 26 (To go back type /back) > /back
Enter two numbers in format: {source base} {target base} (To quit type /exit) > 34 29
Enter number in base 34 to convert to base 29 (To go back type /back) > 2d58olhjio
Conversion result: 9skfd14hsh

Enter number in base 34 to convert to base 29 (To go back type /back) > /back
Enter two numbers in format: {source base} {target base} (To quit type /exit) > 34 32
Enter number in base 34 to convert to base 32 (To go back type /back) > 4wct2dp8lo
Conversion result: 8hf61hf6sq

Enter number in base 34 to convert to base 32 (To go back type /back) > /back
Enter two numbers in format: {source base} {target base} (To quit type /exit) > 34 35
Enter number in base 34 to convert to base 35 (To go back type /back) > 6i3xbmwkjo
Conversion result: 5151wrstlb

Enter number in base 34 to convert to base 35 (To go back type /back) > /back
Enter two numbers in format: {source base} {target base} (To quit type /exit) > /exit
?[1;31m
Start test 6?[0m
Enter two numbers in format: {source base} {target base} (To quit type /exit) > 2 5
Enter number in base 2 to convert to base 5 (To go back type /back) > 111111010.01000
Conversion result: 4011.11111

Enter number in base 2 to convert to base 5 (To go back type /back) > /back
Enter two numbers in format: {source base} {target base} (To quit type /exit) > 2 8
Enter number in base 2 to convert to base 8 (To go back type /back) > 111100000.11000
Conversion result: 740.60000

Enter number in base 2 to convert to base 8 (To go back type /back) > /back
Enter two numbers in format: {source base} {target base} (To quit type /exit) > 2 11
Enter number in base 2 to convert to base 11 (To go back type /back) > 1111001.11000
Conversion result: 100.82828

Enter number in base 2 to convert to base 11 (To go back type /back) > /back
Enter two numbers in format: {source base} {target base} (To quit type /exit) > 2 14
Enter number in base 2 to convert to base 14 (To go back type /back) > 111100001.00000
Conversion result: 265.00000

Enter number in base 2 to convert to base 14 (To go back type /back) > /back
Enter two numbers in format: {source base} {target base} (To quit type /exit) > 2 17
Enter number in base 2 to convert to base 17 (To go back type /back) > 100010.10000
Conversion result: 20.88888

Enter number in base 2 to convert to base 17 (To go back type /back) > /back
Enter two numbers in format: {source base} {target base} (To quit type /exit) > 2 20
Enter number in base 2 to convert to base 20 (To go back type /back) > 1101000000.11000
Conversion result: 21c.f0000

Enter number in base 2 to convert to base 20 (To go back type /back) > /back
Enter two numbers in format: {source base} {target base} (To quit type /exit) > 2 23
Enter number in base 2 to convert to base 23 (To go back type /back) > 1111000010.10000
Conversion result: 1ij.bbbbb

Enter number in base 2 to convert to base 23 (To go back type /back) > /back
Enter two numbers in format: {source base} {target base} (To quit type /exit) > 2 26
Enter number in base 2 to convert to base 26 (To go back type /back) > 1001110.01000
Conversion result: 30.6d000

Enter number in base 2 to convert to base 26 (To go back type /back) > /back
Enter two numbers in format: {source base} {target base} (To quit type /exit) > 2 29
Enter number in base 2 to convert to base 29 (To go back type /back) > 110011111.01000
Conversion result: e9.77777

Enter number in base 2 to convert to base 29 (To go back type /back) > /back
Enter two numbers in format: {source base} {target base} (To quit type /exit) > 2 32
Enter number in base 2 to convert to base 32 (To go back type /back) > 100110010.10000
Conversion result: 9i.g0000

Enter number in base 2 to convert to base 32 (To go back type /back) > /back
Enter two numbers in format: {source base} {target base} (To quit type /exit) > 2 35
Enter number in base 2 to convert to base 35 (To go back type /back) > 1001011.01000
Conversion result: 25.8q8q8

Enter number in base 2 to convert to base 35 (To go back type /back) > /back
Enter two numbers in format: {source base} {target base} (To quit type /exit) > 5 2
Enter number in base 5 to convert to base 2 (To go back type /back) > 4121.00211
Conversion result: 1000011000.00000

Enter number in base 5 to convert to base 2 (To go back type /back) > /back
Enter two numbers in format: {source base} {target base} (To quit type /exit) > 5 8
Enter number in base 5 to convert to base 8 (To go back type /back) > 3121.43130
Conversion result: 633.73545

Enter number in base 5 to convert to base 8 (To go back type /back) > /back
Enter two numbers in format: {source base} {target base} (To quit type /exit) > 5 11
Enter number in base 5 to convert to base 11 (To go back type /back) > 424.04412
Conversion result: a4.21559

Enter number in base 5 to convert to base 11 (To go back type /back) > /back
Enter two numbers in format: {source base} {target base} (To quit type /exit) > 5 14
Enter number in base 5 to convert to base 14 (To go back type /back) > 31.44240
Conversion result: 12.da79c

Enter number in base 5 to convert to base 14 (To go back type /back) > /back
Enter two numbers in format: {source base} {target base} (To quit type /exit) > 5 17
Enter number in base 5 to convert to base 17 (To go back type /back) > 10443.21403
Conversion result: 2a0.80bb1

Enter number in base 5 to convert to base 17 (To go back type /back) > /back
Enter two numbers in format: {source base} {target base} (To quit type /exit) > 5 20
Enter number in base 5 to convert to base 20 (To go back type /back) > 3412.12230
Conversion result: 142.60680

Enter number in base 5 to convert to base 20 (To go back type /back) > /back
Enter two numbers in format: {source base} {target base} (To quit type /exit) > 5 23
Enter number in base 5 to convert to base 23 (To go back type /back) > 3034.23423
Conversion result: h3.ci4i8

Enter number in base 5 to convert to base 23 (To go back type /back) > /back
Enter two numbers in format: {source base} {target base} (To quit type /exit) > 5 26
Enter number in base 5 to convert to base 26 (To go back type /back) > 2303.24113
Conversion result: cg.eli45

Enter number in base 5 to convert to base 26 (To go back type /back) > /back
Enter two numbers in format: {source base} {target base} (To quit type /exit) > 5 29
Enter number in base 5 to convert to base 29 (To go back type /back) > 4403.02102
Conversion result: kn.2gfob

Enter number in base 5 to convert to base 29 (To go back type /back) > /back
Enter two numbers in format: {source base} {target base} (To quit type /exit) > 5 32
Enter number in base 5 to convert to base 32 (To go back type /back) > 111.24302
Conversion result: v.imlff

Enter number in base 5 to convert to base 32 (To go back type /back) > /back
Enter two numbers in format: {source base} {target base} (To quit type /exit) > 5 35
Enter number in base 5 to convert to base 35 (To go back type /back) > 12313.00411
Conversion result: rd.16jb7

Enter number in base 5 to convert to base 35 (To go back type /back) > /back
Enter two numbers in format: {source base} {target base} (To quit type /exit) > 8 2
Enter number in base 8 to convert to base 2 (To go back type /back) > 1106.45446011
Conversion result: 1001000110.10010

Enter number in base 8 to convert to base 2 (To go back type /back) > /back
Enter two numbers in format: {source base} {target base} (To quit type /exit) > 8 5
Enter number in base 8 to convert to base 5 (To go back type /back) > 715.13351521
Conversion result: 3321.04214

Enter number in base 8 to convert to base 5 (To go back type /back) > /back
Enter two numbers in format: {source base} {target base} (To quit type /exit) > 8 11
Enter number in base 8 to convert to base 11 (To go back type /back) > 1706.71142202
Conversion result: 7a9.99147

Enter number in base 8 to convert to base 11 (To go back type /back) > /back
Enter two numbers in format: {source base} {target base} (To quit type /exit) > 8 14
Enter number in base 8 to convert to base 14 (To go back type /back) > 341.61256525
Conversion result: 121.ab172

Enter number in base 8 to convert to base 14 (To go back type /back) > /back
Enter two numbers in format: {source base} {target base} (To quit type /exit) > 8 17
Enter number in base 8 to convert to base 17 (To go back type /back) > 1671.34625025
Conversion result: 351.7b02c

Enter number in base 8 to convert to base 17 (To go back type /back) > /back
Enter two numbers in format: {source base} {target base} (To quit type /exit) > 8 20
Enter number in base 8 to convert to base 20 (To go back type /back) > 1472.46523242
Conversion result: 216.c1chc

Enter number in base 8 to convert to base 20 (To go back type /back) > /back
Enter two numbers in format: {source base} {target base} (To quit type /exit) > 8 23
Enter number in base 8 to convert to base 23 (To go back type /back) > 1124.21555204
Conversion result: 12l.689d9

Enter number in base 8 to convert to base 23 (To go back type /back) > /back
Enter two numbers in format: {source base} {target base} (To quit type /exit) > 8 26
Enter number in base 8 to convert to base 26 (To go back type /back) > 715.66132455
Conversion result: hj.m066j

Enter number in base 8 to convert to base 26 (To go back type /back) > /back
Enter two numbers in format: {source base} {target base} (To quit type /exit) > 8 29
Enter number in base 8 to convert to base 29 (To go back type /back) > 123.06464370
Conversion result: 2p.2sll1

Enter number in base 8 to convert to base 29 (To go back type /back) > /back
Enter two numbers in format: {source base} {target base} (To quit type /exit) > 8 32
Enter number in base 8 to convert to base 32 (To go back type /back) > 143.64666122
Conversion result: 33.qdlov

Enter number in base 8 to convert to base 32 (To go back type /back) > /back
Enter two numbers in format: {source base} {target base} (To quit type /exit) > 8 35
Enter number in base 8 to convert to base 35 (To go back type /back) > 647.06125114
Conversion result: c3.3d0k7

Enter number in base 8 to convert to base 35 (To go back type /back) > /back
Enter two numbers in format: {source base} {target base} (To quit type /exit) > 11 2
Enter number in base 11 to convert to base 2 (To go back type /back) > 65.46455086736
Conversion result: 1000111.01101

Enter number in base 11 to convert to base 2 (To go back type /back) > /back
Enter two numbers in format: {source base} {target base} (To quit type /exit) > 11 5
Enter number in base 11 to convert to base 5 (To go back type /back) > 5a2.406598a3a19
Conversion result: 10332.14101

Enter number in base 11 to convert to base 5 (To go back type /back) > /back
Enter two numbers in format: {source base} {target base} (To quit type /exit) > 11 8
Enter number in base 11 to convert to base 8 (To go back type /back) > 201.19666822347
Conversion result: 363.12712

Enter number in base 11 to convert to base 8 (To go back type /back) > /back
Enter two numbers in format: {source base} {target base} (To quit type /exit) > 11 14
Enter number in base 11 to convert to base 14 (To go back type /back) > 444.25552467024
Conversion result: 2a0.32780

Enter number in base 11 to convert to base 14 (To go back type /back) > /back
Enter two numbers in format: {source base} {target base} (To quit type /exit) > 11 17
Enter number in base 11 to convert to base 17 (To go back type /back) > 459.1374323a4a5
Conversion result: 1f4.210bf

Enter number in base 11 to convert to base 17 (To go back type /back) > /back
Enter two numbers in format: {source base} {target base} (To quit type /exit) > 11 20
Enter number in base 11 to convert to base 20 (To go back type /back) > 43.9a96830512a
Conversion result: 27.i3468

Enter number in base 11 to convert to base 20 (To go back type /back) > /back
Enter two numbers in format: {source base} {target base} (To quit type /exit) > 11 23
Enter number in base 11 to convert to base 23 (To go back type /back) > 278.862785146a7
Conversion result: e5.hl0h8

Enter number in base 11 to convert to base 23 (To go back type /back) > /back
Enter two numbers in format: {source base} {target base} (To quit type /exit) > 11 26
Enter number in base 11 to convert to base 26 (To go back type /back) > 11a.35a96897a15
Conversion result: 5c.89l46

Enter number in base 11 to convert to base 26 (To go back type /back) > /back
Enter two numbers in format: {source base} {target base} (To quit type /exit) > 11 29
Enter number in base 11 to convert to base 29 (To go back type /back) > 103.a80a7682491
Conversion result: 48.s8lrl

Enter number in base 11 to convert to base 29 (To go back type /back) > /back
Enter two numbers in format: {source base} {target base} (To quit type /exit) > 11 32
Enter number in base 11 to convert to base 32 (To go back type /back) > 419.55a28812a94
Conversion result: fo.g3kvd

Enter number in base 11 to convert to base 32 (To go back type /back) > /back
Enter two numbers in format: {source base} {target base} (To quit type /exit) > 11 35
Enter number in base 11 to convert to base 35 (To go back type /back) > 216.8598648a814
Conversion result: 7e.r5iex

Enter number in base 11 to convert to base 35 (To go back type /back) > /back
Enter two numbers in format: {source base} {target base} (To quit type /exit) > 14 2
Enter number in base 14 to convert to base 2 (To go back type /back) > 183.17a33589023b92
Conversion result: 100110111.00011

Enter number in base 14 to convert to base 2 (To go back type /back) > /back
Enter two numbers in format: {source base} {target base} (To quit type /exit) > 14 5
Enter number in base 14 to convert to base 5 (To go back type /back) > 270.3dd7d431063080
Conversion result: 3430.12032

Enter number in base 14 to convert to base 5 (To go back type /back) > /back
Enter two numbers in format: {source base} {target base} (To quit type /exit) > 14 8
Enter number in base 14 to convert to base 8 (To go back type /back) > d3.d59abacaa45caa
Conversion result: 271.75223

Enter number in base 14 to convert to base 8 (To go back type /back) > /back
Enter two numbers in format: {source base} {target base} (To quit type /exit) > 14 11
Enter number in base 14 to convert to base 11 (To go back type /back) > 1cc.049b277ac27ca9
Conversion result: 312.029a1

Enter number in base 14 to convert to base 11 (To go back type /back) > /back
Enter two numbers in format: {source base} {target base} (To quit type /exit) > 14 17
Enter number in base 14 to convert to base 17 (To go back type /back) > 129.8777a8599d4ad6
Conversion result: dc.a646a

Enter number in base 14 to convert to base 17 (To go back type /back) > /back
Enter two numbers in format: {source base} {target base} (To quit type /exit) > 14 20
Enter number in base 14 to convert to base 20 (To go back type /back) > 9b.c543456214d21a
Conversion result: 6h.hddc0

Enter number in base 14 to convert to base 20 (To go back type /back) > /back
Enter two numbers in format: {source base} {target base} (To quit type /exit) > 14 23
Enter number in base 14 to convert to base 23 (To go back type /back) > 54.86068092b4dd03
Conversion result: 35.djd21

Enter number in base 14 to convert to base 23 (To go back type /back) > /back
Enter two numbers in format: {source base} {target base} (To quit type /exit) > 14 26
Enter number in base 14 to convert to base 26 (To go back type /back) > 1b6.80360b4b344a61
Conversion result: di.en3b0

Enter number in base 14 to convert to base 26 (To go back type /back) > /back
Enter two numbers in format: {source base} {target base} (To quit type /exit) > 14 29
Enter number in base 14 to convert to base 29 (To go back type /back) > 48a.5242c961623ad8
Conversion result: 127.ak6al

Enter number in base 14 to convert to base 29 (To go back type /back) > /back
Enter two numbers in format: {source base} {target base} (To quit type /exit) > 14 32
Enter number in base 14 to convert to base 32 (To go back type /back) > 431.35a2ad8a283043
Conversion result: pr.7pban

Enter number in base 14 to convert to base 32 (To go back type /back) > /back
Enter two numbers in format: {source base} {target base} (To quit type /exit) > 14 35
Enter number in base 14 to convert to base 35 (To go back type /back) > 3d0.aa74b77cd148ba
Conversion result: m0.qur4y

Enter number in base 14 to convert to base 35 (To go back type /back) > /back
Enter two numbers in format: {source base} {target base} (To quit type /exit) > 17 2
Enter number in base 17 to convert to base 2 (To go back type /back) > 113.bb7acdb41f4a52fe3
Conversion result: 100110101.10101

Enter number in base 17 to convert to base 2 (To go back type /back) > /back
Enter two numbers in format: {source base} {target base} (To quit type /exit) > 17 5
Enter number in base 17 to convert to base 5 (To go back type /back) > 1ce.b214cae1a4d2g9e57
Conversion result: 4012.31134

Enter number in base 17 to convert to base 5 (To go back type /back) > /back
Enter two numbers in format: {source base} {target base} (To quit type /exit) > 17 8
Enter number in base 17 to convert to base 8 (To go back type /back) > 1c3.6e774e7ecffdg9f6f
Conversion result: 760.31621

Enter number in base 17 to convert to base 8 (To go back type /back) > /back
Enter two numbers in format: {source base} {target base} (To quit type /exit) > 17 11
Enter number in base 17 to convert to base 11 (To go back type /back) > 181.d66eeb867d3cc030f
Conversion result: 358.87236

Enter number in base 17 to convert to base 11 (To go back type /back) > /back
Enter two numbers in format: {source base} {target base} (To quit type /exit) > 17 14
Enter number in base 17 to convert to base 14 (To go back type /back) > 160.a4c6a4a4b3c584c45
Conversion result: 1dd.86704

Enter number in base 17 to convert to base 14 (To go back type /back) > /back
Enter two numbers in format: {source base} {target base} (To quit type /exit) > 17 20
Enter number in base 17 to convert to base 20 (To go back type /back) > 13f.4d62b47c6f961ebbe
Conversion result: hf.5cc34

Enter number in base 17 to convert to base 20 (To go back type /back) > /back
Enter two numbers in format: {source base} {target base} (To quit type /exit) > 17 23
Enter number in base 17 to convert to base 23 (To go back type /back) > 1gc.d73ffe2eb62e30e5d
Conversion result: 11l.i3hej

Enter number in base 17 to convert to base 23 (To go back type /back) > /back
Enter two numbers in format: {source base} {target base} (To quit type /exit) > 17 26
Enter number in base 17 to convert to base 26 (To go back type /back) > 1g1.dad69de12d7b30892
Conversion result: lg.km4h0

Enter number in base 17 to convert to base 26 (To go back type /back) > /back
Enter two numbers in format: {source base} {target base} (To quit type /exit) > 17 29
Enter number in base 17 to convert to base 29 (To go back type /back) > 2e2.a8f9e05186f11edcb
Conversion result: s6.hrish

Enter number in base 17 to convert to base 29 (To go back type /back) > /back
Enter two numbers in format: {source base} {target base} (To quit type /exit) > 17 32
Enter number in base 17 to convert to base 32 (To go back type /back) > 100.1c822a6b981d32185
Conversion result: 91.38e08

Enter number in base 17 to convert to base 32 (To go back type /back) > /back
Enter two numbers in format: {source base} {target base} (To quit type /exit) > 17 35
Enter number in base 17 to convert to base 35 (To go back type /back) > 2c6.524513dc93d0407d5
Conversion result: mi.ajtdo

Enter number in base 17 to convert to base 35 (To go back type /back) > /back
Enter two numbers in format: {source base} {target base} (To quit type /exit) > /exit
?[1;31m
Start test 7?[0m
Enter two numbers in format: {source base} {target base} (To quit type /exit) > 19 2
Enter number in base 19 to convert to base 2 (To go back type /back) > 1d7.g90chfb2habigfi76a5
Conversion result: 1001100111.11011

Enter number in base 19 to convert to base 2 (To go back type /back) > /back
Enter two numbers in format: {source base} {target base} (To quit type /exit) > 19 5
Enter number in base 19 to convert to base 5 (To go back type /back) > 211.eh46h1e0a5acc234ge4
Conversion result: 10432.34301

Enter number in base 19 to convert to base 5 (To go back type /back) > /back
Enter two numbers in format: {source base} {target base} (To quit type /exit) > 19 8
Enter number in base 19 to convert to base 8 (To go back type /back) > e3.8d5ifge03fc934g5iie
Conversion result: 415.35235

Enter number in base 19 to convert to base 8 (To go back type /back) > /back
Enter two numbers in format: {source base} {target base} (To quit type /exit) > 19 11
Enter number in base 19 to convert to base 11 (To go back type /back) > 18h.f6c7g6ae28a8707e7c8
Conversion result: 442.89835

Enter number in base 19 to convert to base 11 (To go back type /back) > /back
Enter two numbers in format: {source base} {target base} (To quit type /exit) > 19 14
Enter number in base 19 to convert to base 14 (To go back type /back) > b7.gd3665h0420fi6eh559
Conversion result: 116.c42c9

Enter number in base 19 to convert to base 14 (To go back type /back) > /back
Enter two numbers in format: {source base} {target base} (To quit type /exit) > 19 17
Enter number in base 19 to convert to base 17 (To go back type /back) > 6b.328c66c8b569f18d8ha
Conversion result: 76.2da21

Enter number in base 19 to convert to base 17 (To go back type /back) > /back
Enter two numbers in format: {source base} {target base} (To quit type /exit) > 19 20
Enter number in base 19 to convert to base 20 (To go back type /back) > 2ab.a3hcie350idbe1f79g0
Conversion result: 263.aehdc

Enter number in base 19 to convert to base 20 (To go back type /back) > /back
Enter two numbers in format: {source base} {target base} (To quit type /exit) > 19 23
Enter number in base 19 to convert to base 23 (To go back type /back) > 15c.3h0e2gdbb7d7cchf85b
Conversion result: k8.4gb7d

Enter number in base 19 to convert to base 23 (To go back type /back) > /back
Enter two numbers in format: {source base} {target base} (To quit type /exit) > 19 26
Enter number in base 19 to convert to base 26 (To go back type /back) > 25i.17h24679fcicdcd00e9
Conversion result: 163.1o9jm

Enter number in base 19 to convert to base 26 (To go back type /back) > /back
Enter two numbers in format: {source base} {target base} (To quit type /exit) > 19 29
Enter number in base 19 to convert to base 29 (To go back type /back) > 2de.604de52h260090aibii
Conversion result: 14q.954i8

Enter number in base 19 to convert to base 29 (To go back type /back) > /back
Enter two numbers in format: {source base} {target base} (To quit type /exit) > 19 32
Enter number in base 19 to convert to base 32 (To go back type /back) > 20d.h28d9hg4hdb2cad0c28
Conversion result: mv.sr5vm

Enter number in base 19 to convert to base 32 (To go back type /back) > /back
Enter two numbers in format: {source base} {target base} (To quit type /exit) > 19 35
Enter number in base 19 to convert to base 35 (To go back type /back) > 3h.ha79832ae955c753g61
Conversion result: 24.wbbc7

Enter number in base 19 to convert to base 35 (To go back type /back) > /back
Enter two numbers in format: {source base} {target base} (To quit type /exit) > 22 2
Enter number in base 22 to convert to base 2 (To go back type /back) > 19b.9baj1kf8d0fcf1ckhh8e51
Conversion result: 1010110101.01101

Enter number in base 22 to convert to base 2 (To go back type /back) > /back
Enter two numbers in format: {source base} {target base} (To quit type /exit) > 22 5
Enter number in base 22 to convert to base 5 (To go back type /back) > c0.gl174f229j8g79b9ahbia5
Conversion result: 2024.34113

Enter number in base 22 to convert to base 5 (To go back type /back) > /back
Enter two numbers in format: {source base} {target base} (To quit type /exit) > 22 8
Enter number in base 22 to convert to base 8 (To go back type /back) > 17h.l28e55gea49alg360ba7a4
Conversion result: 1217.75320

Enter number in base 22 to convert to base 8 (To go back type /back) > /back
Enter two numbers in format: {source base} {target base} (To quit type /exit) > 22 11
Enter number in base 22 to convert to base 11 (To go back type /back) > 1al.iig59f4l56202g6cg0212e
Conversion result: 5aa.94757

Enter number in base 22 to convert to base 11 (To go back type /back) > /back
Enter two numbers in format: {source base} {target base} (To quit type /exit) > 22 14
Enter number in base 22 to convert to base 14 (To go back type /back) > 1gi.6d7c8ii9l71l9ij45ae082
Conversion result: 450.42c04

Enter number in base 22 to convert to base 14 (To go back type /back) > /back
Enter two numbers in format: {source base} {target base} (To quit type /exit) > 22 17
Enter number in base 22 to convert to base 17 (To go back type /back) > 20b.8cikc0b352ke97jh6772i3
Conversion result: 36a.6ad1c

Enter number in base 22 to convert to base 17 (To go back type /back) > /back
Enter two numbers in format: {source base} {target base} (To quit type /exit) > 22 20
Enter number in base 22 to convert to base 20 (To go back type /back) > 1fh.592ik1k94le5ikjd8dbcje
Conversion result: 21b.4i928

Enter number in base 22 to convert to base 20 (To go back type /back) > /back
Enter two numbers in format: {source base} {target base} (To quit type /exit) > 22 23
Enter number in base 22 to convert to base 23 (To go back type /back) > 1l5.2e13ah2el6e0b7ke6kkkjg
Conversion result: 1i8.2ha72

Enter number in base 22 to convert to base 23 (To go back type /back) > /back
Enter two numbers in format: {source base} {target base} (To quit type /exit) > 22 26
Enter number in base 22 to convert to base 26 (To go back type /back) > 13b.bjk3a0l25e0cf7i0921k9f
Conversion result: lf.e1l6e

Enter number in base 22 to convert to base 26 (To go back type /back) > /back
Enter two numbers in format: {source base} {target base} (To quit type /exit) > 22 29
Enter number in base 22 to convert to base 29 (To go back type /back) > 17b.dhe06a2af7d9gj4djk3ifg
Conversion result: mb.i5h5j

Enter number in base 22 to convert to base 29 (To go back type /back) > /back
Enter two numbers in format: {source base} {target base} (To quit type /exit) > 22 32
Enter number in base 22 to convert to base 32 (To go back type /back) > e.j65g41gd69jhd93j4afk48
Conversion result: e.s1joo

Enter number in base 22 to convert to base 32 (To go back type /back) > /back
Enter two numbers in format: {source base} {target base} (To quit type /exit) > 22 35
Enter number in base 22 to convert to base 35 (To go back type /back) > 11e.i571hb294kik8blj0826ia
Conversion result: eu.t0pn8

Enter number in base 22 to convert to base 35 (To go back type /back) > /back
Enter two numbers in format: {source base} {target base} (To quit type /exit) > 25 2
Enter number in base 25 to convert to base 2 (To go back type /back) > o.e1bbgn2518e50k4n97okjok17
Conversion result: 11000.10001

Enter number in base 25 to convert to base 2 (To go back type /back) > /back
Enter two numbers in format: {source base} {target base} (To quit type /exit) > 25 5
Enter number in base 25 to convert to base 5 (To go back type /back) > 5c.m59597dkeoenk3nbh3n233kni
Conversion result: 1022.42101

Enter number in base 25 to convert to base 5 (To go back type /back) > /back
Enter two numbers in format: {source base} {target base} (To quit type /exit) > 25 8
Enter number in base 25 to convert to base 8 (To go back type /back) > 3b.75akkl6keb679fj800eag87id
Conversion result: 126.22363

Enter number in base 25 to convert to base 8 (To go back type /back) > /back
Enter two numbers in format: {source base} {target base} (To quit type /exit) > 25 11
Enter number in base 25 to convert to base 11 (To go back type /back) > 18m.0d857kgadb1m19eg2lgfjkf82
Conversion result: 700.02641

Enter number in base 25 to convert to base 11 (To go back type /back) > /back
Enter two numbers in format: {source base} {target base} (To quit type /exit) > 25 14
Enter number in base 25 to convert to base 14 (To go back type /back) > 79.9of3d8fmlkecdl4gijddk4e71
Conversion result: d2.583c2

Enter number in base 25 to convert to base 14 (To go back type /back) > /back
Enter two numbers in format: {source base} {target base} (To quit type /exit) > 25 17
Enter number in base 25 to convert to base 17 (To go back type /back) > b0.i293n0b336n9h5ib1bba7935c
Conversion result: g3.c52gb

Enter number in base 25 to convert to base 17 (To go back type /back) > /back
Enter two numbers in format: {source base} {target base} (To quit type /exit) > 25 20
Enter number in base 25 to convert to base 20 (To go back type /back) > 7n.c78gg8oo1l2o6544ncf2412g0
Conversion result: 9i.9ge00

Enter number in base 25 to convert to base 20 (To go back type /back) > /back
Enter two numbers in format: {source base} {target base} (To quit type /exit) > 25 23
Enter number in base 25 to convert to base 23 (To go back type /back) > 39.lhd4cgkbnea3057jdl24ga0b7
Conversion result: 3f.jm4a4

Enter number in base 25 to convert to base 23 (To go back type /back) > /back
Enter two numbers in format: {source base} {target base} (To quit type /exit) > 25 26
Enter number in base 25 to convert to base 26 (To go back type /back) > 1da.2oia2jl5e22ahhoi703l9n5g1
Conversion result: 1ao.32lj4

Enter number in base 25 to convert to base 26 (To go back type /back) > /back
Enter two numbers in format: {source base} {target base} (To quit type /exit) > 25 29
Enter number in base 25 to convert to base 29 (To go back type /back) > 172.15ai70je0i217in519o79c3ec
Conversion result: rj.1bree

Enter number in base 25 to convert to base 29 (To go back type /back) > /back
Enter two numbers in format: {source base} {target base} (To quit type /exit) > 25 32
Enter number in base 25 to convert to base 32 (To go back type /back) > 14n.k9jl8nn0dga9ahhcdbec2l6dj
Conversion result: nc.q37rv

Enter number in base 25 to convert to base 32 (To go back type /back) > /back
Enter two numbers in format: {source base} {target base} (To quit type /exit) > 25 35
Enter number in base 25 to convert to base 35 (To go back type /back) > 28.nm5mm736d3769j7i0bb6jd2gl
Conversion result: 1n.xfkh8

Enter number in base 25 to convert to base 35 (To go back type /back) > /back
Enter two numbers in format: {source base} {target base} (To quit type /exit) > 28 2
Enter number in base 28 to convert to base 2 (To go back type /back) > m1.d481dm6ebepoa0idjd19112he
Conversion result: 1001101001.01111

Enter number in base 28 to convert to base 2 (To go back type /back) > /back
Enter two numbers in format: {source base} {target base} (To quit type /exit) > 28 5
Enter number in base 28 to convert to base 5 (To go back type /back) > 117.ob2g21ccnhqig6hmqkfbqlf8l
Conversion result: 11234.41342

Enter number in base 28 to convert to base 5 (To go back type /back) > /back
Enter two numbers in format: {source base} {target base} (To quit type /exit) > 28 8
Enter number in base 28 to convert to base 8 (To go back type /back) > 125.5e49in5i609343iqkr7ca9m2he
Conversion result: 1515.14452

Enter number in base 28 to convert to base 8 (To go back type /back) > /back
Enter two numbers in format: {source base} {target base} (To quit type /exit) > 28 11
Enter number in base 28 to convert to base 11 (To go back type /back) > q.2m4kpqo8angdkibq2m6kar0c7
Conversion result: 24.11077

Enter number in base 28 to convert to base 11 (To go back type /back) > /back
Enter two numbers in format: {source base} {target base} (To quit type /exit) > 28 14
Enter number in base 28 to convert to base 14 (To go back type /back) > 54.ejrp21dge22o3pde0b720qbghe
Conversion result: a4.74dd8

Enter number in base 28 to convert to base 14 (To go back type /back) > /back
Enter two numbers in format: {source base} {target base} (To quit type /exit) > 28 17
Enter number in base 28 to convert to base 17 (To go back type /back) > 178.2l4dp25n5alilcd6php3j20iae
Conversion result: 372.1b792

Enter number in base 28 to convert to base 17 (To go back type /back) > /back
Enter two numbers in format: {source base} {target base} (To quit type /exit) > 28 20
Enter number in base 28 to convert to base 20 (To go back type /back) > 6i.r7hak319p172diaaeneo8hq7
Conversion result: 96.j9c1c

Enter number in base 28 to convert to base 20 (To go back type /back) > /back
Enter two numbers in format: {source base} {target base} (To quit type /exit) > 28 23
Enter number in base 28 to convert to base 23 (To go back type /back) > 1g.1h5glrf16b59aq2910grp27f8l
Conversion result: 1l.17b9j

Enter number in base 28 to convert to base 23 (To go back type /back) > /back
Enter two numbers in format: {source base} {target base} (To quit type /exit) > 28 26
Enter number in base 28 to convert to base 26 (To go back type /back) > 1j.9g1fhdr02qiq5612a4b329257
Conversion result: 1l.8n3ah

Enter number in base 28 to convert to base 26 (To go back type /back) > /back
Enter two numbers in format: {source base} {target base} (To quit type /exit) > 28 29
Enter number in base 28 to convert to base 29 (To go back type /back) > q9.j169nbgl14chmn81mh083liae
Conversion result: pc.jksk0

Enter number in base 28 to convert to base 29 (To go back type /back) > /back
Enter two numbers in format: {source base} {target base} (To quit type /exit) > 28 32
Enter number in base 28 to convert to base 32 (To go back type /back) > 6i.l737i768dlq47g0ae6lpnec7
Conversion result: 5q.o99h2

Enter number in base 28 to convert to base 32 (To go back type /back) > /back
Enter two numbers in format: {source base} {target base} (To quit type /exit) > 28 35
Enter number in base 28 to convert to base 35 (To go back type /back) > 10q.op5qqfgdaj8ae7l460cik7957
Conversion result: n5.v4dps

Enter number in base 28 to convert to base 35 (To go back type /back) > /back
Enter two numbers in format: {source base} {target base} (To quit type /exit) > 31 2
Enter number in base 31 to convert to base 2 (To go back type /back) > f5.a2kosjbmthhdhkq2ml970c89t394gs8
Conversion result: 111010110.01010

Enter number in base 31 to convert to base 2 (To go back type /back) > /back
Enter two numbers in format: {source base} {target base} (To quit type /exit) > 31 5
Enter number in base 31 to convert to base 5 (To go back type /back) > 6o.9cajee4b943kgbmq97050ojdrko6skg
Conversion result: 1320.12242

Enter number in base 31 to convert to base 5 (To go back type /back) > /back
Enter two numbers in format: {source base} {target base} (To quit type /exit) > 31 8
Enter number in base 31 to convert to base 8 (To go back type /back) > l2.o7f1mqcf7dlj303d5nhukc37mcdu8kl
Conversion result: 1215.62027

Enter number in base 31 to convert to base 8 (To go back type /back) > /back
Enter two numbers in format: {source base} {target base} (To quit type /exit) > 31 11
Enter number in base 31 to convert to base 11 (To go back type /back) > uq.3oqhcurcpf8f4e58m7jsf27csr95neu
Conversion result: 79a.13924

Enter number in base 31 to convert to base 11 (To go back type /back) > /back
Enter two numbers in format: {source base} {target base} (To quit type /exit) > 31 14
Enter number in base 31 to convert to base 14 (To go back type /back) > ft.bs1e6mj1r4pmdslo2mjk4ce8he6o0sj
Conversion result: 274.553ac

Enter number in base 31 to convert to base 14 (To go back type /back) > /back
Enter two numbers in format: {source base} {target base} (To quit type /exit) > 31 17
Enter number in base 31 to convert to base 17 (To go back type /back) > p3.t8c39ejd6r6h41ksijbc2pc5mam66id
Conversion result: 2bd.g0ee8

Enter number in base 31 to convert to base 17 (To go back type /back) > /back
Enter two numbers in format: {source base} {target base} (To quit type /exit) > 31 20
Enter number in base 31 to convert to base 20 (To go back type /back) > d7.lh3jso5drlpi3a0qr4rlaon666t81rc
Conversion result: 10a.di1gg

Enter number in base 31 to convert to base 20 (To go back type /back) > /back
Enter two numbers in format: {source base} {target base} (To quit type /exit) > 31 23
Enter number in base 31 to convert to base 23 (To go back type /back) > lq.7a3dpf0h6i3thhgnlh2ha77ksiapjrr
Conversion result: 16a.5a09i

Enter number in base 31 to convert to base 23 (To go back type /back) > /back
Enter two numbers in format: {source base} {target base} (To quit type /exit) > 31 26
Enter number in base 31 to convert to base 26 (To go back type /back) > so.m1hbg0jmf178ii7711paorbegqk4il8
Conversion result: 188.icll0

Enter number in base 31 to convert to base 26 (To go back type /back) > /back
Enter two numbers in format: {source base} {target base} (To quit type /exit) > 31 29
Enter number in base 31 to convert to base 29 (To go back type /back) > rt.uf65tpu13edr6bgkp26ohcs40e86sbe
Conversion result: 10p.sf518

Enter number in base 31 to convert to base 29 (To go back type /back) > /back
Enter two numbers in format: {source base} {target base} (To quit type /exit) > 31 32
Enter number in base 31 to convert to base 32 (To go back type /back) > lr.0una2fsqb8dds9mhf7gfom0qijcu7fq
Conversion result: l6.10oid

Enter number in base 31 to convert to base 32 (To go back type /back) > /back
Enter two numbers in format: {source base} {target base} (To quit type /exit) > 31 35
Enter number in base 31 to convert to base 35 (To go back type /back) > e3.umbt1ubao8d4kkab1mdbkd7of98ft1o
Conversion result: ch.yo0ed

Enter number in base 31 to convert to base 35 (To go back type /back) > /back
Enter two numbers in format: {source base} {target base} (To quit type /exit) > 34 2
Enter number in base 34 to convert to base 2 (To go back type /back) > pw.h0rijt4cir1g5gcx434hvq2dsk8oa5c7cq
Conversion result: 1101110010.10000

Enter number in base 34 to convert to base 2 (To go back type /back) > /back
Enter two numbers in format: {source base} {target base} (To quit type /exit) > 34 5
Enter number in base 34 to convert to base 5 (To go back type /back) > 6o.u9wt1npcdh1xnq700chdqmses0ia9xtaep
Conversion result: 1403.42114

Enter number in base 34 to convert to base 5 (To go back type /back) > /back
Enter two numbers in format: {source base} {target base} (To quit type /exit) > 34 8
[...]

Enter number in base 19 to convert to base 26 (To go back type /back) > /back
Enter two numbers in format: {source base} {target base} (To quit type /exit) > 19 29
Enter number in base 19 to convert to base 29 (To go back type /back) > 3igd71h00508.99999999999999999999999999
Conversion result: 131sdm9nc68.eee7c

Enter number in base 19 to convert to base 29 (To go back type /back) > /back
Enter two numbers in format: {source base} {target base} (To quit type /exit) > 19 32
Enter number in base 19 to convert to base 32 (To go back type /back) > 399afg2i5gb5.h1h1h1h1h1h214cab00f289h6g
Conversion result: biqo468nc1.spjgs

Enter number in base 19 to convert to base 32 (To go back type /back) > /back
Enter two numbers in format: {source base} {target base} (To quit type /exit) > 19 35
Enter number in base 19 to convert to base 35 (To go back type /back) > 9ab6h054i31.50cc148fg850ci0effch3afdb
Conversion result: q0rk89p9i.99lul

Enter number in base 19 to convert to base 35 (To go back type /back) > /back
Enter two numbers in format: {source base} {target base} (To quit type /exit) > 22 2
Enter number in base 22 to convert to base 2 (To go back type /back) > ghie3e1cd3b.7f8hd48hd48h419ka3d8cf25bf
Conversion result: 1100101100001100000100110001011111100101000010001.01011

Enter number in base 22 to convert to base 2 (To go back type /back) > /back
Enter two numbers in format: {source base} {target base} (To quit type /exit) > 22 5
Enter number in base 22 to convert to base 5 (To go back type /back) > 3ecfkj51kf0.jcgfiac70j7l70dh484h6dbg9
Conversion result: 100222313042433430023.42111

Enter number in base 22 to convert to base 5 (To go back type /back) > /back
Enter two numbers in format: {source base} {target base} (To quit type /exit) > 22 8
Enter number in base 22 to convert to base 8 (To go back type /back) > d05ehl5ce1f.00000
Conversion result: 11645000504650055.00000

Enter number in base 22 to convert to base 8 (To go back type /back) > /back
Enter two numbers in format: {source base} {target base} (To quit type /exit) > 22 11
Enter number in base 22 to convert to base 11 (To go back type /back) > 18ij24c6ae1.65kel2e1gfia6ia7j6c9c05gb
Conversion result: 10963129297961.31537

Enter number in base 22 to convert to base 11 (To go back type /back) > /back
Enter two numbers in format: {source base} {target base} (To quit type /exit) > 22 14
Enter number in base 22 to convert to base 14 (To go back type /back) > i2e6ald2589.7f8hd48hd48h419ka3d8cf25bf
Conversion result: 86bbd6576b513.4c853

Enter number in base 22 to convert to base 14 (To go back type /back) > /back
Enter two numbers in format: {source base} {target base} (To quit type /exit) > 22 17
Enter number in base 22 to convert to base 17 (To go back type /back) > c1k8ji05834.d48hd48hd48h419ka3d8cf25bf
Conversion result: 96441f38ab25.a36cd

Enter number in base 22 to convert to base 17 (To go back type /back) > /back
Enter two numbers in format: {source base} {target base} (To quit type /exit) > 22 20
Enter number in base 22 to convert to base 20 (To go back type /back) > 82j2e4kakii.9a2e1gfiac707af28hjd7f52h9
Conversion result: 111f5bidgh0e.8c000

Enter number in base 22 to convert to base 20 (To go back type /back) > /back
Enter two numbers in format: {source base} {target base} (To quit type /exit) > 22 23
Enter number in base 22 to convert to base 23 (To go back type /back) > ec66de9f735.48hd48hd48hd8l60gk46fe9j53
Conversion result: 97fejg6h9l4.4dibm

Enter number in base 22 to convert to base 23 (To go back type /back) > /back
Enter two numbers in format: {source base} {target base} (To quit type /exit) > 22 26
Enter number in base 22 to convert to base 26 (To go back type /back) > cfa9771kki6.if8hd48hd48h419ka3d8cf25bf
Conversion result: 2a3hpen5p9c.m2fb0

Enter number in base 22 to convert to base 26 (To go back type /back) > /back
Enter two numbers in format: {source base} {target base} (To quit type /exit) > 22 29
Enter number in base 22 to convert to base 29 (To go back type /back) > 81klka0hih6.7f8hd48hd48h419ka3d8cf25bf
Conversion result: endesbs786.a49q8

Enter number in base 22 to convert to base 29 (To go back type /back) > /back
Enter two numbers in format: {source base} {target base} (To quit type /exit) > 22 32
Enter number in base 22 to convert to base 32 (To go back type /back) > d7f36fa3h24.00000
Conversion result: a2f2t13ras.00000

Enter number in base 22 to convert to base 32 (To go back type /back) > /back
Enter two numbers in format: {source base} {target base} (To quit type /exit) > 22 35
Enter number in base 22 to convert to base 35 (To go back type /back) > 9di926ikee1.1248hd48hd48ig704511ek2a6h
Conversion result: 38jwkri7u5.1q8b8

Enter number in base 22 to convert to base 35 (To go back type /back) > /back
Enter two numbers in format: {source base} {target base} (To quit type /exit) > 25 2
Enter number in base 25 to convert to base 2 (To go back type /back) > jngibo8e05.j333333333333333333333333
Conversion result: 10001010011010001001101010010001111010111111010.11000

Enter number in base 25 to convert to base 2 (To go back type /back) > /back
Enter two numbers in format: {source base} {target base} (To quit type /exit) > 25 5
Enter number in base 25 to convert to base 5 (To go back type /back) > ijlce4b55i.h666666666666666666666666
Conversion result: 33344122240421101033.32111

Enter number in base 25 to convert to base 5 (To go back type /back) > /back
Enter two numbers in format: {source base} {target base} (To quit type /exit) > 25 8
Enter number in base 25 to convert to base 8 (To go back type /back) > 2nhbmn1hl41.8iiiiiiiiiiiiiiiiiiiiiiiii
Conversion result: 7773075360147056.26314

Enter number in base 25 to convert to base 8 (To go back type /back) > /back
Enter two numbers in format: {source base} {target base} (To quit type /exit) > 25 11
Enter number in base 25 to convert to base 11 (To go back type /back) > 1kl539ge3hb.niiiiiiiiiiiiiiiiiiiiiiiii
Conversion result: 5080047a85793a.a4a4a

Enter number in base 25 to convert to base 11 (To go back type /back) > /back
Enter two numbers in format: {source base} {target base} (To quit type /exit) > 25 14
Enter number in base 25 to convert to base 14 (To go back type /back) > 1om3od3ne6g.kfffffffffffffffffffffffff
Conversion result: 34dc8cb59372d.b79b2

Enter number in base 25 to convert to base 14 (To go back type /back) > /back
Enter two numbers in format: {source base} {target base} (To quit type /exit) > 25 17
Enter number in base 25 to convert to base 17 (To go back type /back) > 1n7cgbdcgd.fe1e1e1e1e1i7b1074il2lna
Conversion result: 3b28e96686b.a9f5d

Enter number in base 25 to convert to base 17 (To go back type /back) > /back
Enter two numbers in format: {source base} {target base} (To quit type /exit) > 25 20
Enter number in base 25 to convert to base 20 (To go back type /back) > 1648gm89adi.2ccccccccccccccccccccccccc
Conversion result: bc55825ajc3.20000

Enter number in base 25 to convert to base 20 (To go back type /back) > /back
Enter two numbers in format: {source base} {target base} (To quit type /exit) > 25 23
Enter number in base 25 to convert to base 23 (To go back type /back) > 1kcl3c4f52l.66666666666666666666666666
Conversion result: 4491hcdgb54.5h5h5

Enter number in base 25 to convert to base 23 (To go back type /back) > /back
Enter two numbers in format: {source base} {target base} (To quit type /exit) > 25 26
Enter number in base 25 to convert to base 26 (To go back type /back) > 47b64bjgdn0.b6666666666666666666666666
Conversion result: 2ncl4f9f82e.bi555

Enter number in base 25 to convert to base 26 (To go back type /back) > /back
Enter two numbers in format: {source base} {target base} (To quit type /exit) > 25 29
Enter number in base 25 to convert to base 29 (To go back type /back) > n43n38f7d5.offffffffffffffffffffffff
Conversion result: 62j2204jki.sgb4m

Enter number in base 25 to convert to base 29 (To go back type /back) > /back
Enter two numbers in format: {source base} {target base} (To quit type /exit) > 25 32
Enter number in base 25 to convert to base 32 (To go back type /back) > 44931d1dfc3.8iiiiiiiiiiiiiiiiiiiiiiiii
Conversion result: ba2qj52me6.b6cpj

Enter number in base 25 to convert to base 32 (To go back type /back) > /back
Enter two numbers in format: {source base} {target base} (To quit type /exit) > 25 35
Enter number in base 25 to convert to base 35 (To go back type /back) > 2molhdee6b3.7ccccccccccccccccccccccccc
Conversion result: 3imus8rxrx.ahhhh

Enter number in base 25 to convert to base 35 (To go back type /back) > /back
Enter two numbers in format: {source base} {target base} (To quit type /exit) > 28 2
Enter number in base 28 to convert to base 2 (To go back type /back) > 1amga0nah9k.gmb5gmb5gmbbdmbrg89im4pml
Conversion result: 1011101010101110000101010101011111110010110100000.10011

Enter number in base 28 to convert to base 2 (To go back type /back) > /back
Enter two numbers in format: {source base} {target base} (To quit type /exit) > 28 5
Enter number in base 28 to convert to base 5 (To go back type /back) > 18hjldlgh6e.mb5gmb5gmb66db7qkp10aelc7
Conversion result: 401243011200240433224.40000

Enter number in base 28 to convert to base 5 (To go back type /back) > /back
Enter two numbers in format: {source base} {target base} (To quit type /exit) > 28 8
Enter number in base 28 to convert to base 8 (To go back type /back) > i7h7gj88eo.e0000
Conversion result: 5374571541565440.40000

Enter number in base 28 to convert to base 8 (To go back type /back) > /back
Enter two numbers in format: {source base} {target base} (To quit type /exit) > 28 11
Enter number in base 28 to convert to base 11 (To go back type /back) > 17ifg7b32hg.5gmb5gmb5gmfh9mrj6772hja1l
Conversion result: aa229700236a27.22222

Enter number in base 28 to convert to base 11 (To go back type /back) > /back
Enter two numbers in format: {source base} {target base} (To quit type /exit) > 28 14
Enter number in base 28 to convert to base 14 (To go back type /back) > ll255pnr97.8b5gmb5gmb5jkp5rm44nb2cpae
Conversion result: 40b75db779b47.42b2b

Enter number in base 28 to convert to base 14 (To go back type /back) > /back
Enter two numbers in format: {source base} {target base} (To quit type /exit) > 28 17
Enter number in base 28 to convert to base 17 (To go back type /back) > l1654ge1rk.0fj13a26k4dcl9ajfpn3e7a9ba
Conversion result: 6872d3e7a14d.05d47

Enter number in base 28 to convert to base 17 (To go back type /back) > /back
Enter two numbers in format: {source base} {target base} (To quit type /exit) > 28 20
Enter number in base 28 to convert to base 20 (To go back type /back) > 151pille1hd.45gmb5gmb5gnocgrp22bjf6cj7
Conversion result: 1e34bbb71cih.3001c

Enter number in base 28 to convert to base 20 (To go back type /back) > /back
Enter two numbers in format: {source base} {target base} (To quit type /exit) > 28 23
Enter number in base 28 to convert to base 23 (To go back type /back) > lidm1qe6fe.00000
Conversion result: 5c4ljgie16g.00000

Enter number in base 28 to convert to base 23 (To go back type /back) > /back
Enter two numbers in format: {source base} {target base} (To quit type /exit) > 28 26
Enter number in base 28 to convert to base 26 (To go back type /back) > ofg9bjpa4g.b5gmb5gmb5h36jhracee57ak3e
Conversion result: 1lloi2ka16g.aaaep

Enter number in base 28 to convert to base 26 (To go back type /back) > /back
Enter two numbers in format: {source base} {target base} (To quit type /exit) > 28 29
Enter number in base 28 to convert to base 29 (To go back type /back) > ij9k1eg9pk.p5gmb5gmb5gge5g0bji95n257
Conversion result: di75noesfd.q2q9s

Enter number in base 28 to convert to base 29 (To go back type /back) > /back
Enter two numbers in format: {source base} {target base} (To quit type /exit) > 28 32
Enter number in base 28 to convert to base 32 (To go back type /back) > 1llg41nm7.p6mn37frmrddor589ib121b
Conversion result: jhdovskv.sr5vm

Enter number in base 28 to convert to base 32 (To go back type /back) > /back
Enter two numbers in format: {source base} {target base} (To quit type /exit) > 28 35
Enter number in base 28 to convert to base 35 (To go back type /back) > 1f94okr6bi3.2mb5gmb5gmb77qbboiala9bae
Conversion result: 5sirob3rlh.3hhhh

Enter number in base 28 to convert to base 35 (To go back type /back) > /back
Enter two numbers in format: {source base} {target base} (To quit type /exit) > 31 2
Enter number in base 31 to convert to base 2 (To go back type /back) > 4rp3pss6ru.aqaqaqaqaqafqra22ml747jnm7
Conversion result: 11101011100001001100100010011100001101100010001.01011

Enter number in base 31 to convert to base 2 (To go back type /back) > /back
Enter two numbers in format: {source base} {target base} (To quit type /exit) > 31 5
Enter number in base 31 to convert to base 5 (To go back type /back) > 1mk1heicud.dtdtdtdtdteo29q62ojhqk2f6
Conversion result: 21444121430411200343.21111

Enter number in base 31 to convert to base 5 (To go back type /back) > /back
Enter two numbers in format: {source base} {target base} (To quit type /exit) > 31 8
Enter number in base 31 to convert to base 8 (To go back type /back) > 62l2qfl3ts.iiiiiiiiiigqdieh7ka754i4ur
Conversion result: 4445577660322353.46314

Enter number in base 31 to convert to base 8 (To go back type /back) > /back
Enter two numbers in format: {source base} {target base} (To quit type /exit) > 31 11
Enter number in base 31 to convert to base 11 (To go back type /back) > 7c02k7c2bh.2a2a2a2a2a23kmmfsb8kmcct43
Conversion result: 572624110a5467.09092

Enter number in base 31 to convert to base 11 (To go back type /back) > /back
Enter two numbers in format: {source base} {target base} (To quit type /exit) > 31 14
Enter number in base 31 to convert to base 14 (To go back type /back) > 5oqmlt5b1n.rrrrrrrrrrtk1s0t7q58aasafj
Conversion result: 29c4a5a9c8c71.c858a

Enter number in base 31 to convert to base 14 (To go back type /back) > /back
Enter two numbers in format: {source base} {target base} (To quit type /exit) > 31 17
Enter number in base 31 to convert to base 17 (To go back type /back) > 68qn0sdum2.l78prdf12jnl3dklhtkh2qs1gd
Conversion result: 4e77f129175g.bag6f

Enter number in base 31 to convert to base 17 (To go back type /back) > /back
Enter two numbers in format: {source base} {target base} (To quit type /exit) > 31 20
Enter number in base 31 to convert to base 20 (To go back type /back) > fktbgat9k6.00000
Conversion result: 2099h180a8bf.00000

Enter number in base 31 to convert to base 20 (To go back type /back) > /back
Enter two numbers in format: {source base} {target base} (To quit type /exit) > 31 23
Enter number in base 31 to convert to base 23 (To go back type /back) > 4ekhl49m1h.99999999998d6omo3pkj2hoje2
Conversion result: 2jf4bb6l3if.6kg26

Enter number in base 31 to convert to base 23 (To go back type /back) > /back
Enter two numbers in format: {source base} {target base} (To quit type /exit) > 31 26
Enter number in base 31 to convert to base 26 (To go back type /back) > 8qlkgoun0e.jbjbjbjbjbjbjbjbjbjbjbjbjb
Conversion result: 1h3o0jpl2og.g6d00

Enter number in base 31 to convert to base 26 (To go back type /back) > /back
Enter two numbers in format: {source base} {target base} (To quit type /exit) > 31 29
Enter number in base 31 to convert to base 29 (To go back type /back) > 64fl2o2ouh.k4k4k4k4k4lrp4o602sg2iki7q
Conversion result: b5n6qmr7am.ioihg

Enter number in base 31 to convert to base 29 (To go back type /back) > /back
Enter two numbers in format: {source base} {target base} (To quit type /exit) > 31 32
Enter number in base 31 to convert to base 32 (To go back type /back) > 2q6r5ppep5.aqaqaqaqaqafqra22ml747jnm
Conversion result: 24ds2gj482.b6d42

Enter number in base 31 to convert to base 32 (To go back type /back) > /back
Enter two numbers in format: {source base} {target base} (To quit type /exit) > 31 35
Enter number in base 31 to convert to base 35 (To go back type /back) > 5f5as5q47.5067jresmbb548af3f8ff6ok
Conversion result: 22qvrthsf.5mtaw

Enter number in base 31 to convert to base 35 (To go back type /back) > /back
Enter two numbers in format: {source base} {target base} (To quit type /exit) > 34 2
Enter number in base 34 to convert to base 2 (To go back type /back) > 453crfbpa1.h0000
Conversion result: 111001010010101101010110011000010001001011100001.10000

Enter number in base 34 to convert to base 2 (To go back type /back) > /back
Enter two numbers in format: {source base} {target base} (To quit type /exit) > 34 5
Enter number in base 34 to convert to base 5 (To go back type /back) > 1reeolalf1.m3dkdkdkdkgi4utcnphf7nx67d
Conversion result: 103334141143312343210.31111

Enter number in base 34 to convert to base 5 (To go back type /back) > /back
Enter two numbers in format: {source base} {target base} (To quit type /exit) > 34 8
Enter number in base 34 to convert to base 8 (To go back type /back) > 3hjvmndhnn.m3dkdkdkdkgi4utcnphf7nx67d
Conversion result: 6043516553050101.51463

Enter number in base 34 to convert to base 8 (To go back type /back) > /back
Enter two numbers in format: {source base} {target base} (To quit type /exit) > 34 11
Enter number in base 34 to convert to base 11 (To go back type /back) > dahhdeo7a.8b7gatv9hn47o1ifvqqcmggwk
Conversion result: 763387014aa14.27710

Enter number in base 34 to convert to base 11 (To go back type /back) > /back
Enter two numbers in format: {source base} {target base} (To quit type /exit) > 34 14
Enter number in base 34 to convert to base 14 (To go back type /back) > 7t7tglc46l.dkdkdkdkdkgi4utcnphf7nx67d
Conversion result: 85bb81aba0557.58580

Enter number in base 34 to convert to base 14 (To go back type /back) > /back
Enter two numbers in format: {source base} {target base} (To quit type /exit) > 34 17
Enter number in base 34 to convert to base 17 (To go back type /back) > 3o49b1ikuc.b1nr6r6r6r892fenbtpoksxk3n
Conversion result: 69c531d7cf9c.58fd2

Enter number in base 34 to convert to base 17 (To go back type /back) > /back
Enter two numbers in format: {source base} {target base} (To quit type /exit) > 34 20
Enter number in base 34 to convert to base 20 (To go back type /back) > 1eim1umn4r.j1c85ewlpsoktolrhvg54ewf7
Conversion result: 896c9jj194f.b401c

Enter number in base 34 to convert to base 20 (To go back type /back) > /back
Enter two numbers in format: {source base} {target base} (To quit type /exit) > 34 23
Enter number in base 34 to convert to base 23 (To go back type /back) > 6d8a37gwf2.wa6r6r6r6r0vo698kgx3ik1lj6
Conversion result: 98902lm50em.ljcel

Enter number in base 34 to convert to base 23 (To go back type /back) > /back
Enter two numbers in format: {source base} {target base} (To quit type /exit) > 34 26
Enter number in base 34 to convert to base 26 (To go back type /back) > 7itbg9n1rv.wa6r6r6r6r0vo698kgx3ik1lj6
Conversion result: 36ceo4jcach.oi555

Enter number in base 34 to convert to base 26 (To go back type /back) > /back
Enter two numbers in format: {source base} {target base} (To quit type /exit) > 34 29
Enter number in base 34 to convert to base 29 (To go back type /back) > 16mi05570c.3dkdkdkdkdl4i7obmvttaegr1
Conversion result: 504hbmsldb.2q345

Enter number in base 34 to convert to base 29 (To go back type /back) > /back
Enter two numbers in format: {source base} {target base} (To quit type /exit) > 34 32
Enter number in base 34 to convert to base 32 (To go back type /back) > 4xp8biduue.r6r6r6r6r6x29ropdh0ufdwcer
Conversion result: 8jm391avra.pj6cp

Enter number in base 34 to convert to base 32 (To go back type /back) > /back
Enter two numbers in format: {source base} {target base} (To quit type /exit) > 34 35
Enter number in base 34 to convert to base 35 (To go back type /back) > 27b2bxg816.q0bj1c85ewoxixwajb26imx3ew
Conversion result: 1oppg495if.qr4d4

Enter number in base 34 to convert to base 35 (To go back type /back) > /back
Enter two numbers in format: {source base} {target base} (To quit type /exit) > /exit
]]></system-out>
  <system-err><![CDATA[]]></system-err>
</testsuite>
